Arguments: 
  /snap/node/5148/bin/node /usr/bin/yarnpkg config get registry

PATH: 
  /home/piyush/.local/bin:/usr/local/sbin:/usr/local/bin:/usr/sbin:/usr/bin:/sbin:/bin:/usr/games:/usr/local/games:/snap/bin

Yarn version: 
  1.22.10

Node version: 
  14.17.4

Platform: 
  linux x64

Trace: 
  Error: EACCES: permission denied, write
      at writeSync (fs.js:733:3)
      at SyncWriteStream._write (internal/fs/sync_write_stream.js:24:3)
      at writeOrBuffer (internal/streams/writable.js:358:12)
      at SyncWriteStream.Writable.write (internal/streams/writable.js:303:10)
      at ConsoleReporter._log (/usr/lib/node_modules/yarn/lib/cli.js:96330:17)
      at ConsoleReporter.log (/usr/lib/node_modules/yarn/lib/cli.js:96318:10)
      at get (/usr/lib/node_modules/yarn/lib/cli.js:87096:14)
      at Object.<anonymous> (/usr/lib/node_modules/yarn/lib/cli.js:25940:25)
      at Generator.next (<anonymous>)
      at step (/usr/lib/node_modules/yarn/lib/cli.js:310:30)

npm manifest: 
  {
    "name": "client",
    "version": "0.1.0",
    "private": true
  }

yarn manifest: 
  No manifest

Lockfile: 
  No lockfile
